[2022-09-19 21:13:14.760] [exthost] [info] Extension host with pid 115 started
[2022-09-19 21:13:14.880] [exthost] [info] Lock '/home/daniel009980/.vscode-server/data/User/workspaceStorage/18e340647d25ccb0195d24268e63d7b0/vscode.lock': Lock acquired.
[2022-09-19 21:13:15.018] [exthost] [info] ExtensionService#_doActivateExtension vscode.html-language-features, startup: false, activationEvent: 'onLanguage:html'
[2022-09-19 21:13:15.412] [exthost] [info] ExtensionService#_doActivateExtension vscode.debug-auto-launch, startup: true, activationEvent: '*'
[2022-09-19 21:13:15.438] [exthost] [info] ExtensionService#_doActivateExtension vscode.git-base, startup: true, activationEvent: '*', root cause: vscode.git
[2022-09-19 21:13:15.462] [exthost] [info] ExtensionService#_doActivateExtension vscode.ipynb, startup: true, activationEvent: '*'
[2022-09-19 21:13:15.520] [exthost] [info] ExtensionService#_doActivateExtension christian-kohler.path-intellisense, startup: true, activationEvent: '*'
[2022-09-19 21:13:15.731] [exthost] [info] ExtensionService#_doActivateExtension naumovs.color-highlight, startup: true, activationEvent: '*'
[2022-09-19 21:13:15.942] [exthost] [info] ExtensionService#_doActivateExtension vscode.git, startup: true, activationEvent: '*'
[2022-09-19 21:13:16.144] [exthost] [info] ExtensionService#_doActivateExtension vscode.github, startup: true, activationEvent: '*'
[2022-09-19 21:13:16.407] [exthost] [info] ExtensionService#_doActivateExtension vscode.emmet, startup: false, activationEvent: 'onStartupFinished'
[2022-09-19 21:13:16.446] [exthost] [info] ExtensionService#_doActivateExtension vscode.merge-conflict, startup: false, activationEvent: 'onStartupFinished'
[2022-09-19 21:13:16.462] [exthost] [info] ExtensionService#_doActivateExtension vscode.npm, startup: false, activationEvent: 'onStartupFinished', root cause: esbenp.prettier-vscode
[2022-09-19 21:13:16.554] [exthost] [info] ExtensionService#_doActivateExtension ritwickdey.LiveServer, startup: false, activationEvent: 'onStartupFinished'
[2022-09-19 21:13:16.596] [exthost] [info] Eager extensions activated
[2022-09-19 21:13:17.185] [exthost] [info] ExtensionService#_doActivateExtension esbenp.prettier-vscode, startup: false, activationEvent: 'onStartupFinished'
[2022-09-19 21:14:30.769] [exthost] [info] ExtensionService#_doActivateExtension vscode.css-language-features, startup: false, activationEvent: 'onLanguage:css'
[2022-09-19 21:14:57.956] [exthost] [info] Extension host terminating: received terminate message from renderer
[2022-09-19 21:14:57.957] [exthost] [info] Lock '/home/daniel009980/.vscode-server/data/User/workspaceStorage/18e340647d25ccb0195d24268e63d7b0/vscode.lock': Marking the lockfile as scheduled to be released in 6000 ms.
[2022-09-19 21:14:58.001] [exthost] [info] Extension host with pid 115 exiting with code 0
