[2022-09-19 21:16:05.144] [exthost] [info] Extension host with pid 111 started
[2022-09-19 21:16:05.209] [exthost] [info] Lock '/home/daniel009980/.vscode-server/data/User/workspaceStorage/18e340647d25ccb0195d24268e63d7b0/vscode.lock': Lock acquired.
[2022-09-19 21:16:05.403] [exthost] [info] ExtensionService#_doActivateExtension vscode.css-language-features, startup: false, activationEvent: 'onLanguage:css'
[2022-09-19 21:16:05.614] [exthost] [info] ExtensionService#_doActivateExtension vscode.debug-auto-launch, startup: true, activationEvent: '*'
[2022-09-19 21:16:05.662] [exthost] [info] ExtensionService#_doActivateExtension vscode.git-base, startup: true, activationEvent: '*', root cause: vscode.git
[2022-09-19 21:16:05.676] [exthost] [info] ExtensionService#_doActivateExtension vscode.ipynb, startup: true, activationEvent: '*'
[2022-09-19 21:16:05.746] [exthost] [info] ExtensionService#_doActivateExtension christian-kohler.path-intellisense, startup: true, activationEvent: '*'
[2022-09-19 21:16:05.864] [exthost] [info] ExtensionService#_doActivateExtension naumovs.color-highlight, startup: true, activationEvent: '*'
[2022-09-19 21:16:06.043] [exthost] [info] ExtensionService#_doActivateExtension vscode.git, startup: true, activationEvent: '*'
[2022-09-19 21:16:06.220] [exthost] [info] ExtensionService#_doActivateExtension vscode.github, startup: true, activationEvent: '*'
[2022-09-19 21:16:06.407] [exthost] [info] ExtensionService#_doActivateExtension vscode.emmet, startup: false, activationEvent: 'onStartupFinished'
[2022-09-19 21:16:06.461] [exthost] [info] ExtensionService#_doActivateExtension vscode.merge-conflict, startup: false, activationEvent: 'onStartupFinished'
[2022-09-19 21:16:06.472] [exthost] [info] ExtensionService#_doActivateExtension vscode.npm, startup: false, activationEvent: 'onStartupFinished', root cause: esbenp.prettier-vscode
[2022-09-19 21:16:06.559] [exthost] [info] ExtensionService#_doActivateExtension ritwickdey.LiveServer, startup: false, activationEvent: 'onStartupFinished'
[2022-09-19 21:16:06.605] [exthost] [info] Eager extensions activated
[2022-09-19 21:16:07.263] [exthost] [info] ExtensionService#_doActivateExtension esbenp.prettier-vscode, startup: false, activationEvent: 'onStartupFinished'
[2022-09-19 21:16:11.319] [exthost] [info] ExtensionService#_doActivateExtension vscode.html-language-features, startup: false, activationEvent: 'onLanguage:html'
[2022-09-19 21:16:32.484] [exthost] [info] Extension host terminating: received terminate message from renderer
[2022-09-19 21:16:32.485] [exthost] [info] Lock '/home/daniel009980/.vscode-server/data/User/workspaceStorage/18e340647d25ccb0195d24268e63d7b0/vscode.lock': Marking the lockfile as scheduled to be released in 6000 ms.
[2022-09-19 21:16:32.585] [exthost] [info] Extension host with pid 111 exiting with code 0
