[2022-09-21 00:24:03.297] [exthost] [info] Extension host with pid 169 started
[2022-09-21 00:24:03.411] [exthost] [info] ExtensionService#_doActivateExtension vscode.css-language-features, startup: false, activationEvent: 'onLanguage:css'
[2022-09-21 00:24:03.536] [exthost] [info] ExtensionService#_doActivateExtension vscode.debug-auto-launch, startup: true, activationEvent: '*'
[2022-09-21 00:24:03.544] [exthost] [info] ExtensionService#_doActivateExtension vscode.git-base, startup: true, activationEvent: '*', root cause: vscode.git
[2022-09-21 00:24:03.554] [exthost] [info] ExtensionService#_doActivateExtension vscode.ipynb, startup: true, activationEvent: '*'
[2022-09-21 00:24:03.594] [exthost] [info] ExtensionService#_doActivateExtension christian-kohler.path-intellisense, startup: true, activationEvent: '*'
[2022-09-21 00:24:03.671] [exthost] [info] ExtensionService#_doActivateExtension naumovs.color-highlight, startup: true, activationEvent: '*'
[2022-09-21 00:24:03.739] [exthost] [info] Lock '/home/daniel009980/.vscode-server/data/User/workspaceStorage/18e340647d25ccb0195d24268e63d7b0/vscode.lock': Lock acquired.
[2022-09-21 00:24:04.102] [exthost] [info] ExtensionService#_doActivateExtension vscode.git, startup: true, activationEvent: '*'
[2022-09-21 00:24:04.317] [exthost] [info] ExtensionService#_doActivateExtension vscode.github, startup: true, activationEvent: '*'
[2022-09-21 00:24:04.629] [exthost] [info] ExtensionService#_doActivateExtension vscode.emmet, startup: false, activationEvent: 'onStartupFinished'
[2022-09-21 00:24:04.690] [exthost] [info] ExtensionService#_doActivateExtension vscode.merge-conflict, startup: false, activationEvent: 'onStartupFinished'
[2022-09-21 00:24:04.710] [exthost] [info] ExtensionService#_doActivateExtension vscode.npm, startup: false, activationEvent: 'onStartupFinished', root cause: esbenp.prettier-vscode
[2022-09-21 00:24:04.831] [exthost] [info] ExtensionService#_doActivateExtension ritwickdey.LiveServer, startup: false, activationEvent: 'onStartupFinished'
[2022-09-21 00:24:04.863] [exthost] [info] Eager extensions activated
[2022-09-21 00:24:05.302] [exthost] [info] ExtensionService#_doActivateExtension esbenp.prettier-vscode, startup: false, activationEvent: 'onStartupFinished'
[2022-09-21 00:25:58.944] [exthost] [info] ExtensionService#_doActivateExtension vscode.html-language-features, startup: false, activationEvent: 'onLanguage:html'
[2022-09-21 01:17:50.639] [exthost] [warning] [Decorations] CAPPING events from decorations provider vscode.git 10000
[2022-09-21 01:33:53.123] [exthost] [warning] [Decorations] CAPPING events from decorations provider vscode.git 10000
[2022-09-21 01:38:32.734] [exthost] [info] ExtensionService#_doActivateExtension GitHub.vscode-pull-request-github, startup: false, activationEvent: '*'
[2022-09-21 01:59:30.964] [exthost] [info] ExtensionService#_doActivateExtension PsykoSoldi3r.vscode-git-flow, startup: false, activationEvent: '*'
[2022-09-21 01:59:39.153] [exthost] [info] ExtensionService#_doActivateExtension mhutchie.git-graph, startup: false, activationEvent: '*'
[2022-09-21 01:59:49.447] [exthost] [info] ExtensionService#_doActivateExtension donjayamanne.githistory, startup: false, activationEvent: '*'
[2022-09-21 02:00:13.434] [exthost] [info] ExtensionService#_doActivateExtension ardisaurus.gitflow-actions-sidebar, startup: false, activationEvent: '*'
[2022-09-21 02:00:32.225] [exthost] [warning] [Decorations] CAPPING events from decorations provider vscode.git 491
[2022-09-21 02:00:34.557] [exthost] [info] ExtensionService#_doActivateExtension eamodio.gitlens, startup: false, activationEvent: 'onStartupFinished'
[2022-09-21 02:00:37.386] [exthost] [warning] [Decorations] CAPPING events from decorations provider vscode.git 492
[2022-09-21 02:00:42.582] [exthost] [warning] [Decorations] CAPPING events from decorations provider vscode.git 492
[2022-09-21 02:00:47.744] [exthost] [warning] [Decorations] CAPPING events from decorations provider vscode.git 492
[2022-09-21 02:00:53.694] [exthost] [warning] [Decorations] CAPPING events from decorations provider vscode.git 492
[2022-09-21 02:00:53.940] [exthost] [warning] [Decorations] CAPPING events from decorations provider vscode.git 492
[2022-09-21 02:00:59.157] [exthost] [warning] [Decorations] CAPPING events from decorations provider vscode.git 492
[2022-09-21 02:01:04.343] [exthost] [warning] [Decorations] CAPPING events from decorations provider vscode.git 492
[2022-09-21 02:01:10.124] [exthost] [warning] [Decorations] CAPPING events from decorations provider vscode.git 492
[2022-09-21 02:01:15.323] [exthost] [warning] [Decorations] CAPPING events from decorations provider vscode.git 492
[2022-09-21 02:01:20.497] [exthost] [warning] [Decorations] CAPPING events from decorations provider vscode.git 492
[2022-09-21 02:01:24.767] [exthost] [warning] [Decorations] CAPPING events from decorations provider vscode.git 492
[2022-09-21 02:04:45.643] [exthost] [warning] TextEditor is closed/disposed
[2022-09-21 02:04:47.684] [exthost] [warning] TextEditor is closed/disposed
[2022-09-21 02:04:48.917] [exthost] [warning] TextEditor is closed/disposed
[2022-09-21 02:04:52.837] [exthost] [warning] TextEditor is closed/disposed
[2022-09-21 02:04:53.601] [exthost] [warning] TextEditor is closed/disposed
[2022-09-21 02:06:03.653] [exthost] [warning] TextEditor is closed/disposed
[2022-09-21 02:06:51.243] [exthost] [warning] TextEditor is closed/disposed
[2022-09-21 02:08:20.292] [exthost] [warning] TextEditor is closed/disposed
[2022-09-21 02:08:20.791] [exthost] [warning] TextEditor is closed/disposed
[2022-09-21 02:10:11.113] [exthost] [warning] TextEditor is closed/disposed
[2022-09-21 02:12:16.419] [exthost] [warning] TextEditor is closed/disposed
[2022-09-21 02:12:34.003] [exthost] [warning] TextEditor is closed/disposed
[2022-09-21 14:15:46.218] [exthost] [warning] TextEditor is closed/disposed
[2022-09-21 14:16:05.481] [exthost] [warning] TextEditor is closed/disposed
[2022-09-21 14:16:16.307] [exthost] [warning] TextEditor is closed/disposed
[2022-09-21 14:16:23.226] [exthost] [warning] TextEditor is closed/disposed
[2022-09-21 14:25:41.774] [exthost] [warning] TextEditor is closed/disposed
[2022-09-21 14:25:43.731] [exthost] [warning] TextEditor is closed/disposed
[2022-09-21 14:28:57.032] [exthost] [warning] TextEditor is closed/disposed
[2022-09-21 14:29:26.416] [exthost] [warning] TextEditor is closed/disposed
[2022-09-21 14:33:28.306] [exthost] [warning] TextEditor is closed/disposed
[2022-09-21 14:33:34.624] [exthost] [warning] TextEditor is closed/disposed
[2022-09-21 14:36:02.033] [exthost] [warning] TextEditor is closed/disposed
[2022-09-21 14:36:38.392] [exthost] [warning] TextEditor is closed/disposed
[2022-09-21 14:44:27.959] [exthost] [warning] TextEditor is closed/disposed
[2022-09-21 14:46:18.054] [exthost] [warning] TextEditor is closed/disposed
[2022-09-21 14:55:54.126] [exthost] [warning] TextEditor is closed/disposed
[2022-09-21 14:56:43.140] [exthost] [warning] TextEditor is closed/disposed
[2022-09-21 14:56:45.853] [exthost] [warning] TextEditor is closed/disposed
[2022-09-21 14:56:51.009] [exthost] [warning] TextEditor is closed/disposed
[2022-09-21 14:57:36.018] [exthost] [warning] TextEditor is closed/disposed
[2022-09-21 14:57:56.038] [exthost] [warning] TextEditor is closed/disposed
[2022-09-21 14:58:41.023] [exthost] [warning] TextEditor is closed/disposed
[2022-09-21 14:59:11.316] [exthost] [warning] TextEditor is closed/disposed
[2022-09-21 15:00:13.723] [exthost] [warning] TextEditor is closed/disposed
[2022-09-21 15:00:37.560] [exthost] [warning] TextEditor is closed/disposed
[2022-09-21 15:00:55.795] [exthost] [warning] TextEditor is closed/disposed
[2022-09-21 15:03:59.825] [exthost] [warning] TextEditor is closed/disposed
[2022-09-21 15:04:09.848] [exthost] [warning] TextEditor is closed/disposed
[2022-09-21 15:05:33.130] [exthost] [warning] TextEditor is closed/disposed
[2022-09-21 15:05:50.380] [exthost] [warning] TextEditor is closed/disposed
[2022-09-21 15:07:00.685] [exthost] [warning] TextEditor is closed/disposed
[2022-09-21 15:07:01.421] [exthost] [warning] TextEditor is closed/disposed
[2022-09-21 15:09:07.014] [exthost] [warning] TextEditor is closed/disposed
[2022-09-21 15:09:29.824] [exthost] [warning] TextEditor is closed/disposed
[2022-09-21 15:10:08.579] [exthost] [warning] TextEditor is closed/disposed
[2022-09-21 15:10:27.410] [exthost] [warning] TextEditor is closed/disposed
[2022-09-21 15:11:56.000] [exthost] [warning] TextEditor is closed/disposed
[2022-09-21 15:12:12.358] [exthost] [warning] TextEditor is closed/disposed
[2022-09-21 15:12:36.450] [exthost] [warning] TextEditor is closed/disposed
[2022-09-21 15:12:41.013] [exthost] [warning] TextEditor is closed/disposed
[2022-09-21 15:14:40.130] [exthost] [warning] TextEditor is closed/disposed
[2022-09-21 15:15:01.830] [exthost] [warning] TextEditor is closed/disposed
[2022-09-21 15:16:18.830] [exthost] [warning] TextEditor is closed/disposed
[2022-09-21 15:17:09.304] [exthost] [warning] TextEditor is closed/disposed
[2022-09-21 15:17:35.701] [exthost] [warning] TextEditor is closed/disposed
[2022-09-21 15:18:00.888] [exthost] [warning] TextEditor is closed/disposed
[2022-09-21 15:18:35.511] [exthost] [warning] TextEditor is closed/disposed
[2022-09-21 15:20:24.268] [exthost] [warning] TextEditor is closed/disposed
[2022-09-21 15:21:26.104] [exthost] [warning] TextEditor is closed/disposed
[2022-09-21 15:21:27.330] [exthost] [warning] TextEditor is closed/disposed
[2022-09-21 15:21:42.975] [exthost] [warning] TextEditor is closed/disposed
[2022-09-21 15:22:21.464] [exthost] [warning] TextEditor is closed/disposed
[2022-09-21 15:22:22.500] [exthost] [warning] TextEditor is closed/disposed
[2022-09-21 15:25:31.679] [exthost] [warning] TextEditor is closed/disposed
[2022-09-21 15:25:52.030] [exthost] [warning] TextEditor is closed/disposed
[2022-09-21 15:26:06.480] [exthost] [warning] TextEditor is closed/disposed
[2022-09-21 15:26:27.049] [exthost] [warning] TextEditor is closed/disposed
[2022-09-21 15:26:42.725] [exthost] [warning] TextEditor is closed/disposed
[2022-09-21 15:27:12.965] [exthost] [warning] TextEditor is closed/disposed
[2022-09-21 15:27:14.960] [exthost] [warning] TextEditor is closed/disposed
[2022-09-21 15:27:18.294] [exthost] [warning] TextEditor is closed/disposed
[2022-09-21 15:27:18.834] [exthost] [warning] TextEditor is closed/disposed
[2022-09-21 15:27:21.125] [exthost] [warning] TextEditor is closed/disposed
[2022-09-21 15:27:31.061] [exthost] [warning] TextEditor is closed/disposed
[2022-09-21 15:27:44.803] [exthost] [warning] TextEditor is closed/disposed
[2022-09-21 15:27:46.591] [exthost] [warning] TextEditor is closed/disposed
[2022-09-21 15:27:48.603] [exthost] [warning] TextEditor is closed/disposed
[2022-09-21 15:27:59.156] [exthost] [warning] TextEditor is closed/disposed
[2022-09-21 15:28:04.010] [exthost] [warning] TextEditor is closed/disposed
[2022-09-21 15:28:18.231] [exthost] [warning] TextEditor is closed/disposed
[2022-09-21 15:28:25.392] [exthost] [warning] TextEditor is closed/disposed
[2022-09-21 15:28:43.033] [exthost] [warning] TextEditor is closed/disposed
[2022-09-21 15:28:47.343] [exthost] [warning] TextEditor is closed/disposed
[2022-09-21 15:28:53.617] [exthost] [warning] TextEditor is closed/disposed
[2022-09-21 15:28:54.818] [exthost] [warning] TextEditor is closed/disposed
[2022-09-21 15:29:03.977] [exthost] [warning] TextEditor is closed/disposed
[2022-09-21 15:29:05.148] [exthost] [warning] TextEditor is closed/disposed
[2022-09-21 15:29:13.718] [exthost] [warning] TextEditor is closed/disposed
[2022-09-21 15:29:15.428] [exthost] [warning] TextEditor is closed/disposed
[2022-09-21 15:29:37.446] [exthost] [warning] TextEditor is closed/disposed
[2022-09-21 15:30:05.676] [exthost] [warning] TextEditor is closed/disposed
