[2022-09-19 15:12:28.437] [exthost] [info] Extension host with pid 258 started
[2022-09-19 15:12:28.467] [exthost] [info] Lock '/home/daniel009980/.vscode-server/data/User/workspaceStorage/18e340647d25ccb0195d24268e63d7b0/vscode.lock': Lock acquired.
[2022-09-19 15:12:28.629] [exthost] [info] ExtensionService#_doActivateExtension vscode.css-language-features, startup: false, activationEvent: 'onLanguage:css'
[2022-09-19 15:12:28.744] [exthost] [info] ExtensionService#_doActivateExtension vscode.debug-auto-launch, startup: true, activationEvent: '*'
[2022-09-19 15:12:28.764] [exthost] [info] ExtensionService#_doActivateExtension vscode.git-base, startup: true, activationEvent: '*', root cause: vscode.git
[2022-09-19 15:12:28.782] [exthost] [info] ExtensionService#_doActivateExtension vscode.ipynb, startup: true, activationEvent: '*'
[2022-09-19 15:12:28.819] [exthost] [info] ExtensionService#_doActivateExtension christian-kohler.path-intellisense, startup: true, activationEvent: '*'
[2022-09-19 15:12:28.871] [exthost] [info] ExtensionService#_doActivateExtension naumovs.color-highlight, startup: true, activationEvent: '*'
[2022-09-19 15:12:29.067] [exthost] [info] ExtensionService#_doActivateExtension vscode.git, startup: true, activationEvent: '*'
[2022-09-19 15:12:29.223] [exthost] [info] ExtensionService#_doActivateExtension vscode.github, startup: true, activationEvent: '*'
[2022-09-19 15:12:29.482] [exthost] [info] ExtensionService#_doActivateExtension vscode.emmet, startup: false, activationEvent: 'onStartupFinished'
[2022-09-19 15:12:29.546] [exthost] [info] ExtensionService#_doActivateExtension vscode.merge-conflict, startup: false, activationEvent: 'onStartupFinished'
[2022-09-19 15:12:29.552] [exthost] [info] ExtensionService#_doActivateExtension vscode.npm, startup: false, activationEvent: 'onStartupFinished', root cause: esbenp.prettier-vscode
[2022-09-19 15:12:29.614] [exthost] [info] ExtensionService#_doActivateExtension ritwickdey.LiveServer, startup: false, activationEvent: 'onStartupFinished'
[2022-09-19 15:12:29.632] [exthost] [info] Eager extensions activated
[2022-09-19 15:12:29.933] [exthost] [info] ExtensionService#_doActivateExtension esbenp.prettier-vscode, startup: false, activationEvent: 'onStartupFinished'
[2022-09-19 15:14:39.768] [exthost] [info] ExtensionService#_doActivateExtension vscode.html-language-features, startup: false, activationEvent: 'onLanguage:html'
[2022-09-19 20:46:25.403] [exthost] [info] Extension host terminating: received terminate message from renderer
[2022-09-19 20:46:25.408] [exthost] [info] Lock '/home/daniel009980/.vscode-server/data/User/workspaceStorage/18e340647d25ccb0195d24268e63d7b0/vscode.lock': Marking the lockfile as scheduled to be released in 6000 ms.
[2022-09-19 20:46:25.781] [exthost] [info] Extension host with pid 258 exiting with code 0
